<?xml version="1.0" encoding="UTF-8"?>
<testng-results skipped="0" failed="1" total="1" passed="0">
  <reporter-output>
  </reporter-output>
  <suite name="Default suite" duration-ms="38808" started-at="2020-06-25T08:40:35Z" finished-at="2020-06-25T08:41:14Z">
    <groups>
    </groups>
    <test name="Default test" duration-ms="38808" started-at="2020-06-25T08:40:35Z" finished-at="2020-06-25T08:41:14Z">
      <class name="org.ytframework.testscripts.TC01">
        <test-method status="PASS" signature="browserlaunch()[pri:0, instance:org.ytframework.testscripts.TC01@2aa5fe93]" name="browserlaunch" is-config="true" duration-ms="25569" started-at="2020-06-25T14:10:35Z" finished-at="2020-06-25T14:11:01Z">
          <reporter-output>
          </reporter-output>
        </test-method> <!-- browserlaunch -->
        <test-method status="FAIL" signature="testcase1()[pri:0, instance:org.ytframework.testscripts.TC01@2aa5fe93]" name="testcase1" duration-ms="6120" started-at="2020-06-25T14:11:01Z" finished-at="2020-06-25T14:11:07Z">
          <exception class="java.io.FileNotFoundException">
            <message>
              <![CDATA[D:\Screenshots25\06\2020_14:11:06.png (The filename, directory name, or volume label syntax is incorrect)]]>
            </message>
            <full-stacktrace>
              <![CDATA[java.io.FileNotFoundException: D:\Screenshots25\06\2020_14:11:06.png (The filename, directory name, or volume label syntax is incorrect)
	at java.io.FileOutputStream.open0(Native Method)
	at java.io.FileOutputStream.open(Unknown Source)
	at java.io.FileOutputStream.<init>(Unknown Source)
	at java.io.FileOutputStream.<init>(Unknown Source)
	at org.apache.commons.io.FileUtils.doCopyFile(FileUtils.java:1139)
	at org.apache.commons.io.FileUtils.copyFile(FileUtils.java:1091)
	at org.apache.commons.io.FileUtils.copyFile(FileUtils.java:1038)
	at org.ytframework.utilities.ScreenshotCapture.screenshotcap(ScreenshotCapture.java:16)
	at org.ytframework.testscripts.TC01.testcase1(TC01.java:62)
	at sun.reflect.NativeMethodAccessorImpl.invoke0(Native Method)
	at sun.reflect.NativeMethodAccessorImpl.invoke(Unknown Source)
	at sun.reflect.DelegatingMethodAccessorImpl.invoke(Unknown Source)
	at java.lang.reflect.Method.invoke(Unknown Source)
	at org.testng.internal.MethodInvocationHelper.invokeMethod(MethodInvocationHelper.java:85)
	at org.testng.internal.Invoker.invokeMethod(Invoker.java:639)
	at org.testng.internal.Invoker.invokeTestMethod(Invoker.java:821)
	at org.testng.internal.Invoker.invokeTestMethods(Invoker.java:1131)
	at org.testng.internal.TestMethodWorker.invokeTestMethods(TestMethodWorker.java:124)
	at org.testng.internal.TestMethodWorker.run(TestMethodWorker.java:108)
	at org.testng.TestRunner.privateRun(TestRunner.java:773)
	at org.testng.TestRunner.run(TestRunner.java:623)
	at org.testng.SuiteRunner.runTest(SuiteRunner.java:357)
	at org.testng.SuiteRunner.runSequentially(SuiteRunner.java:352)
	at org.testng.SuiteRunner.privateRun(SuiteRunner.java:310)
	at org.testng.SuiteRunner.run(SuiteRunner.java:259)
	at org.testng.SuiteRunnerWorker.runSuite(SuiteRunnerWorker.java:52)
	at org.testng.SuiteRunnerWorker.run(SuiteRunnerWorker.java:86)
	at org.testng.TestNG.runSuitesSequentially(TestNG.java:1185)
	at org.testng.TestNG.runSuitesLocally(TestNG.java:1110)
	at org.testng.TestNG.run(TestNG.java:1018)
	at org.testng.remote.AbstractRemoteTestNG.run(AbstractRemoteTestNG.java:115)
	at org.testng.remote.RemoteTestNG.initAndRun(RemoteTestNG.java:251)
	at org.testng.remote.RemoteTestNG.main(RemoteTestNG.java:77)
]]>
            </full-stacktrace>
          </exception> <!-- java.io.FileNotFoundException -->
          <reporter-output>
          </reporter-output>
        </test-method> <!-- testcase1 -->
        <test-method status="PASS" signature="browserclose()[pri:0, instance:org.ytframework.testscripts.TC01@2aa5fe93]" name="browserclose" is-config="true" duration-ms="7092" started-at="2020-06-25T14:11:07Z" finished-at="2020-06-25T14:11:14Z">
          <reporter-output>
          </reporter-output>
        </test-method> <!-- browserclose -->
      </class> <!-- org.ytframework.testscripts.TC01 -->
    </test> <!-- Default test -->
  </suite> <!-- Default suite -->
</testng-results>
