<?xml version="1.0" encoding="UTF-8"?>
<!-- Generated by org.testng.reporters.JUnitXMLReporter -->
<testsuite hostname="Jykra-PC1" name="Test" tests="7" failures="0" timestamp="9 Jun 2020 10:34:02 GMT" time="419.587" errors="0">
  <testcase name="testcase1" time="34.421" classname="org.ytframework.testscripts.TC01"/>
  <testcase name="testcase2" time="37.429" classname="org.ytframework.testscripts.TC02"/>
  <testcase name="testcase3" time="40.602" classname="org.ytframework.testscripts.TC03"/>
  <testcase name="testcase4" time="35.171" classname="org.ytframework.testscripts.TC04"/>
  <testcase name="testcase5" time="40.175" classname="org.ytframework.testscripts.TC05"/>
  <testcase name="testcase6" time="39.032" classname="org.ytframework.testscripts.TC06"/>
  <testcase name="testcase7" time="52.759" classname="org.ytframework.testscripts.TC07"/>
</testsuite> <!-- Test -->
