<?xml version="1.0" encoding="UTF-8"?>
<!-- Generated by org.testng.reporters.JUnitXMLReporter -->
<testsuite hostname="Jykra-PC1" name="Test" tests="7" failures="1" timestamp="25 Jun 2020 07:38:46 GMT" time="264.523" errors="0">
  <testcase name="@BeforeMethod browserlaunch" time="0.0" classname="org.ytframework.testscripts.TC02">
    <failure type="org.openqa.selenium.WebDriverException" message="chrome not reachable
  (Session info: chrome=83.0.4103.116)
  (Driver info: chromedriver=83.0.4103.39 (ccbf011cb2d2b19b506d844400483861342c20cd-refs/branch-heads/4103@{#416}),platform=Windows NT 6.3.9600 x86_64) (WARNING: The server did not provide any stacktrace information)
Command duration or timeout: 4.01 seconds
Build info: version: &amp;apos;2.48.2&amp;apos;, revision: &amp;apos;41bccdd&amp;apos;, time: &amp;apos;2015-10-09 19:55:52&amp;apos;
System info: host: &amp;apos;Jykra-PC1&amp;apos;, ip: &amp;apos;192.168.225.125&amp;apos;, os.name: &amp;apos;Windows 8.1&amp;apos;, os.arch: &amp;apos;amd64&amp;apos;, os.version: &amp;apos;6.3&amp;apos;, java.version: &amp;apos;1.8.0_241&amp;apos;
Driver info: org.openqa.selenium.chrome.ChromeDriver
Capabilities [{mobileEmulationEnabled=false, timeouts={implicit=0, pageLoad=300000, script=30000}, hasTouchScreen=false, platform=XP, acceptSslCerts=false, goog:chromeOptions={debuggerAddress=localhost:59146}, acceptInsecureCerts=false, webStorageEnabled=true, browserName=chrome, takesScreenshot=true, javascriptEnabled=true, setWindowRect=true, unexpectedAlertBehaviour=ignore, applicationCacheEnabled=false, rotatable=false, networkConnectionEnabled=false, chrome={chromedriverVersion=83.0.4103.39 (ccbf011cb2d2b19b506d844400483861342c20cd-refs/branch-heads/4103@{#416}), userDataDir=C:\Users\JYKRAS~1\AppData\Local\Temp\scoped_dir9080_1654551391}, takesHeapSnapshot=true, pageLoadStrategy=normal, strictFileInteractability=false, databaseEnabled=false, handlesAlerts=true, version=83.0.4103.116, browserConnectionEnabled=false, proxy={}, nativeEvents=true, locationContextEnabled=true, cssSelectorsEnabled=true, webauthn:virtualAuthenticators=true}]
Session ID: c79bbaa3a3ae6bd111d597792c025100">
      <![CDATA[org.openqa.selenium.WebDriverException: chrome not reachable
  (Session info: chrome=83.0.4103.116)
  (Driver info: chromedriver=83.0.4103.39 (ccbf011cb2d2b19b506d844400483861342c20cd-refs/branch-heads/4103@{#416}),platform=Windows NT 6.3.9600 x86_64) (WARNING: The server did not provide any stacktrace information)
Command duration or timeout: 4.01 seconds
Build info: version: '2.48.2', revision: '41bccdd', time: '2015-10-09 19:55:52'
System info: host: 'Jykra-PC1', ip: '192.168.225.125', os.name: 'Windows 8.1', os.arch: 'amd64', os.version: '6.3', java.version: '1.8.0_241'
Driver info: org.openqa.selenium.chrome.ChromeDriver
Capabilities [{mobileEmulationEnabled=false, timeouts={implicit=0, pageLoad=300000, script=30000}, hasTouchScreen=false, platform=XP, acceptSslCerts=false, goog:chromeOptions={debuggerAddress=localhost:59146}, acceptInsecureCerts=false, webStorageEnabled=true, browserName=chrome, takesScreenshot=true, javascriptEnabled=true, setWindowRect=true, unexpectedAlertBehaviour=ignore, applicationCacheEnabled=false, rotatable=false, networkConnectionEnabled=false, chrome={chromedriverVersion=83.0.4103.39 (ccbf011cb2d2b19b506d844400483861342c20cd-refs/branch-heads/4103@{#416}), userDataDir=C:\Users\JYKRAS~1\AppData\Local\Temp\scoped_dir9080_1654551391}, takesHeapSnapshot=true, pageLoadStrategy=normal, strictFileInteractability=false, databaseEnabled=false, handlesAlerts=true, version=83.0.4103.116, browserConnectionEnabled=false, proxy={}, nativeEvents=true, locationContextEnabled=true, cssSelectorsEnabled=true, webauthn:virtualAuthenticators=true}]
Session ID: c79bbaa3a3ae6bd111d597792c025100
	at org.openqa.selenium.remote.ErrorHandler.createThrowable(ErrorHandler.java:206)
	at org.openqa.selenium.remote.ErrorHandler.throwIfResponseFailed(ErrorHandler.java:158)
	at org.openqa.selenium.remote.RemoteWebDriver.execute(RemoteWebDriver.java:647)
	at org.openqa.selenium.remote.RemoteWebDriver$RemoteWebDriverOptions$RemoteWindow.maximize(RemoteWebDriver.java:907)
	at org.ytframework.base.Baseclass.browserlaunch(Baseclass.java:38)
... Removed 30 stack frames]]>
    </failure>
  </testcase> <!-- @BeforeMethod browserlaunch -->
  <testcase name="@AfterMethod browserclose" time="0.0" classname="org.ytframework.testscripts.TC02">
    <skipped/>
  </testcase> <!-- @AfterMethod browserclose -->
  <testcase name="@BeforeMethod browserlaunch" time="0.0" classname="org.ytframework.testscripts.TC03">
    <skipped/>
  </testcase> <!-- @BeforeMethod browserlaunch -->
  <testcase name="@AfterMethod browserclose" time="0.0" classname="org.ytframework.testscripts.TC03">
    <skipped/>
  </testcase> <!-- @AfterMethod browserclose -->
  <testcase name="@BeforeMethod browserlaunch" time="0.0" classname="org.ytframework.testscripts.TC04">
    <skipped/>
  </testcase> <!-- @BeforeMethod browserlaunch -->
  <testcase name="@AfterMethod browserclose" time="0.0" classname="org.ytframework.testscripts.TC04">
    <skipped/>
  </testcase> <!-- @AfterMethod browserclose -->
  <testcase name="@BeforeMethod browserlaunch" time="0.0" classname="org.ytframework.testscripts.TC05">
    <skipped/>
  </testcase> <!-- @BeforeMethod browserlaunch -->
  <testcase name="@AfterMethod browserclose" time="0.0" classname="org.ytframework.testscripts.TC05">
    <skipped/>
  </testcase> <!-- @AfterMethod browserclose -->
  <testcase name="@BeforeMethod browserlaunch" time="0.0" classname="org.ytframework.testscripts.TC06">
    <skipped/>
  </testcase> <!-- @BeforeMethod browserlaunch -->
  <testcase name="@AfterMethod browserclose" time="0.0" classname="org.ytframework.testscripts.TC06">
    <skipped/>
  </testcase> <!-- @AfterMethod browserclose -->
  <testcase name="@BeforeMethod browserlaunch" time="0.0" classname="org.ytframework.testscripts.TC07">
    <skipped/>
  </testcase> <!-- @BeforeMethod browserlaunch -->
  <testcase name="@AfterMethod browserclose" time="0.0" classname="org.ytframework.testscripts.TC07">
    <skipped/>
  </testcase> <!-- @AfterMethod browserclose -->
  <testcase name="testcase1" time="115.769" classname="org.ytframework.testscripts.TC01">
    <failure type="org.openqa.selenium.WebDriverException" message="element not interactable
  (Session info: chrome=83.0.4103.116)
  (Driver info: chromedriver=83.0.4103.39 (ccbf011cb2d2b19b506d844400483861342c20cd-refs/branch-heads/4103@{#416}),platform=Windows NT 6.3.9600 x86_64) (WARNING: The server did not provide any stacktrace information)
Command duration or timeout: 31.77 seconds
Build info: version: &amp;apos;2.48.2&amp;apos;, revision: &amp;apos;41bccdd&amp;apos;, time: &amp;apos;2015-10-09 19:55:52&amp;apos;
System info: host: &amp;apos;Jykra-PC1&amp;apos;, ip: &amp;apos;192.168.225.125&amp;apos;, os.name: &amp;apos;Windows 8.1&amp;apos;, os.arch: &amp;apos;amd64&amp;apos;, os.version: &amp;apos;6.3&amp;apos;, java.version: &amp;apos;1.8.0_241&amp;apos;
Driver info: org.openqa.selenium.chrome.ChromeDriver
Capabilities [{mobileEmulationEnabled=false, timeouts={implicit=0, pageLoad=300000, script=30000}, hasTouchScreen=false, platform=XP, acceptSslCerts=false, goog:chromeOptions={debuggerAddress=localhost:58950}, acceptInsecureCerts=false, webStorageEnabled=true, browserName=chrome, takesScreenshot=true, javascriptEnabled=true, setWindowRect=true, unexpectedAlertBehaviour=ignore, applicationCacheEnabled=false, rotatable=false, networkConnectionEnabled=false, chrome={chromedriverVersion=83.0.4103.39 (ccbf011cb2d2b19b506d844400483861342c20cd-refs/branch-heads/4103@{#416}), userDataDir=C:\Users\JYKRAS~1\AppData\Local\Temp\scoped_dir6988_1305319169}, takesHeapSnapshot=true, pageLoadStrategy=normal, strictFileInteractability=false, databaseEnabled=false, handlesAlerts=true, version=83.0.4103.116, browserConnectionEnabled=false, proxy={}, nativeEvents=true, locationContextEnabled=true, cssSelectorsEnabled=true, webauthn:virtualAuthenticators=true}]
Session ID: 6ee7602b752e2863d257c370d6c19109">
      <![CDATA[org.openqa.selenium.WebDriverException: element not interactable
  (Session info: chrome=83.0.4103.116)
  (Driver info: chromedriver=83.0.4103.39 (ccbf011cb2d2b19b506d844400483861342c20cd-refs/branch-heads/4103@{#416}),platform=Windows NT 6.3.9600 x86_64) (WARNING: The server did not provide any stacktrace information)
Command duration or timeout: 31.77 seconds
Build info: version: '2.48.2', revision: '41bccdd', time: '2015-10-09 19:55:52'
System info: host: 'Jykra-PC1', ip: '192.168.225.125', os.name: 'Windows 8.1', os.arch: 'amd64', os.version: '6.3', java.version: '1.8.0_241'
Driver info: org.openqa.selenium.chrome.ChromeDriver
Capabilities [{mobileEmulationEnabled=false, timeouts={implicit=0, pageLoad=300000, script=30000}, hasTouchScreen=false, platform=XP, acceptSslCerts=false, goog:chromeOptions={debuggerAddress=localhost:58950}, acceptInsecureCerts=false, webStorageEnabled=true, browserName=chrome, takesScreenshot=true, javascriptEnabled=true, setWindowRect=true, unexpectedAlertBehaviour=ignore, applicationCacheEnabled=false, rotatable=false, networkConnectionEnabled=false, chrome={chromedriverVersion=83.0.4103.39 (ccbf011cb2d2b19b506d844400483861342c20cd-refs/branch-heads/4103@{#416}), userDataDir=C:\Users\JYKRAS~1\AppData\Local\Temp\scoped_dir6988_1305319169}, takesHeapSnapshot=true, pageLoadStrategy=normal, strictFileInteractability=false, databaseEnabled=false, handlesAlerts=true, version=83.0.4103.116, browserConnectionEnabled=false, proxy={}, nativeEvents=true, locationContextEnabled=true, cssSelectorsEnabled=true, webauthn:virtualAuthenticators=true}]
Session ID: 6ee7602b752e2863d257c370d6c19109
	at org.openqa.selenium.remote.ErrorHandler.createThrowable(ErrorHandler.java:206)
	at org.openqa.selenium.remote.ErrorHandler.throwIfResponseFailed(ErrorHandler.java:158)
	at org.openqa.selenium.remote.RemoteWebDriver.execute(RemoteWebDriver.java:647)
	at org.openqa.selenium.remote.RemoteWebElement.execute(RemoteWebElement.java:326)
	at org.openqa.selenium.remote.RemoteWebElement.sendKeys(RemoteWebElement.java:121)
	at org.ytframework.pages.Login.signin(Login.java:36)
	at org.ytframework.testscripts.TC01.testcase1(TC01.java:54)
... Removed 28 stack frames]]>
    </failure>
  </testcase> <!-- testcase1 -->
  <testcase name="testcase2" time="0.004" classname="org.ytframework.testscripts.TC02">
    <skipped/>
  </testcase> <!-- testcase2 -->
  <testcase name="testcase3" time="0.004" classname="org.ytframework.testscripts.TC03">
    <skipped/>
  </testcase> <!-- testcase3 -->
  <testcase name="testcase4" time="0.004" classname="org.ytframework.testscripts.TC04">
    <skipped/>
  </testcase> <!-- testcase4 -->
  <testcase name="testcase5" time="0.003" classname="org.ytframework.testscripts.TC05">
    <skipped/>
  </testcase> <!-- testcase5 -->
  <testcase name="testcase6" time="0.003" classname="org.ytframework.testscripts.TC06">
    <skipped/>
  </testcase> <!-- testcase6 -->
  <testcase name="testcase7" time="0.001" classname="org.ytframework.testscripts.TC07">
    <skipped/>
  </testcase> <!-- testcase7 -->
</testsuite> <!-- Test -->
